2025-06-25 14:53:37,277 - mcp_server - INFO - Database initialized at D:\Semester4\ProjectVijayapur\psetae\psetae_all_github\mcp_server_psetae\.agent/mcp_state.db
2025-06-25 14:53:37,279 - mcp_server - INFO - Admin token: b48aac58-a0d7-435d-8c40-ba4020a7d9b9
2025-06-25 14:56:01,278 - mcp_server - INFO - Database initialized at D:\Semester4\ProjectVijayapur\psetae\psetae_all_github\mcp_server_psetae\.agent/mcp_state.db
2025-06-25 14:56:01,278 - mcp_server - INFO - Admin token: d42d6167-40a5-43a9-aaf4-17de2fa60977
2025-06-25 14:56:06,668 - mcp_server - INFO - Added memory for agent admin-agent
2025-06-25 15:17:21,425 - mcp_server - INFO - Database initialized at D:\Semester4\ProjectVijayapur\psetae\psetae_all_github\mcp_server_psetae\.agent/mcp_state.db
2025-06-25 15:17:21,425 - mcp_server - INFO - Admin token: b33dd98d-268a-40e5-9152-c03f8c2898b3
2025-06-25 15:19:39,244 - mcp_server - INFO - Database initialized at D:\Semester4\ProjectVijayapur\psetae\psetae_all_github\mcp_server_psetae\.agent/mcp_state.db
2025-06-25 15:19:39,246 - mcp_server - INFO - Admin token: 19629d41-bd4b-4f2c-8ebf-302a93294179
2025-06-25 15:20:43,141 - mcp_server - INFO - Added memory for agent admin-agent
2025-06-25 15:20:43,151 - mcp_server - INFO - Created worker agent: sentinel1-data-extraction-agent of type sentinel1-data-extraction
2025-06-25 15:20:43,161 - mcp_server - INFO - Created worker agent: sentinel1-model-training-agent of type sentinel1-model-training
2025-06-25 15:20:43,173 - mcp_server - INFO - Created worker agent: sentinel1-inference-agent of type sentinel1-inference
2025-06-25 15:20:43,183 - mcp_server - INFO - Created worker agent: sentinel1-tile-coverage-agent of type sentinel1-tile-coverage
2025-06-25 15:24:44,217 - mcp_server - INFO - Added memory for agent admin-agent
2025-06-25 15:28:31,739 - mcp_server - INFO - Created task: Sentinel-1 Tile Coverage Analysis Test assigned to sentinel1-tile-coverage-agent
2025-06-25 15:28:49,065 - mcp_server - INFO - Created task: Sentinel-1 Tile Coverage Analysis Test assigned to sentinel1-tile-coverage-agent
2025-06-25 15:30:03,871 - mcp_server - INFO - Created task: Sentinel-1 Tile Coverage Analysis Test assigned to sentinel1-tile-coverage-agent
2025-06-25 15:44:06,260 - mcp_server - INFO - Added memory for agent sentinel1-tile-coverage-agent
2025-06-25 15:44:48,807 - mcp_server - INFO - Added memory for agent sentinel1-tile-coverage-agent
2025-06-25 15:45:20,568 - mcp_server - INFO - Added memory for agent sentinel1-tile-coverage-agent
2025-06-25 16:43:20,472 - mcp_server - INFO - Added memory for agent sentinel1-tile-coverage-agent
2025-06-25 16:44:10,739 - mcp_server - INFO - Added memory for agent sentinel1-tile-coverage-agent
2025-06-25 16:44:47,322 - mcp_server - INFO - Added memory for agent sentinel1-tile-coverage-agent
2025-06-26 22:48:16,623 - mcp_server - INFO - Database initialized at D:\Semester4\ProjectVijayapur\psetae\psetae_all_github\mcp_server_psetae\.agent/mcp_state.db
2025-06-26 22:48:16,623 - mcp_server - INFO - Admin token: d29e611c-ce46-4c51-8cb4-05948b9dccdb
2025-06-26 22:51:53,373 - mcp_server - INFO - Added memory for agent admin-agent
2025-06-26 22:55:20,873 - mcp_server - INFO - Added memory for agent admin-agent
2025-06-26 22:55:20,884 - mcp_server - INFO - Created worker agent: sentinel1-data-extraction-agent of type sentinel1-data-extraction
2025-06-26 22:55:20,896 - mcp_server - INFO - Created worker agent: sentinel1-model-training-agent of type sentinel1-model-training
2025-06-26 22:55:20,907 - mcp_server - INFO - Created worker agent: sentinel1-inference-agent of type sentinel1-inference
2025-06-26 22:55:20,919 - mcp_server - INFO - Created worker agent: sentinel1-tile-coverage-agent of type sentinel1-tile-coverage
2025-06-26 23:04:19,626 - mcp_server - INFO - Created task: Sentinel-1 Tile Coverage Analysis Sept2024-Mar2025 assigned to sentinel1-tile-coverage-agent
2025-06-26 23:09:23,040 - mcp_server - INFO - Added memory for agent sentinel1-tile-coverage-agent
2025-06-26 23:10:13,449 - mcp_server - INFO - Added memory for agent sentinel1-tile-coverage-agent
2025-06-26 23:10:52,558 - mcp_server - INFO - Added memory for agent sentinel1-tile-coverage-agent
2025-06-26 23:11:29,344 - mcp_server - INFO - Added memory for agent sentinel1-tile-coverage-agent
2025-06-27 00:20:58,287 - mcp_server - INFO - Created task: Sentinel-1 Data Extraction 2024-09-01 to 2025-03-31 assigned to sentinel1-data-extraction-agent
2025-06-27 00:27:22,008 - mcp_server - INFO - Created task: Sentinel-1 Data Extraction 2024-09-01 to 2025-03-31 assigned to sentinel1-data-extraction-agent
2025-06-27 00:32:59,591 - mcp_server - INFO - Created task: Sentinel-1 Data Extraction 2024-09-01 to 2025-03-31 assigned to sentinel1-data-extraction-agent
2025-06-27 00:37:43,973 - mcp_server - INFO - Added memory for agent admin-agent
2025-06-27 00:37:43,986 - mcp_server - INFO - Created worker agent: sentinel1-data-extraction-agent of type sentinel1-data-extraction
2025-06-27 00:37:43,999 - mcp_server - INFO - Created worker agent: sentinel1-model-training-agent of type sentinel1-model-training
2025-06-27 00:37:44,011 - mcp_server - INFO - Created worker agent: sentinel1-inference-agent of type sentinel1-inference
2025-06-27 00:37:44,023 - mcp_server - INFO - Created worker agent: sentinel1-tile-coverage-agent of type sentinel1-tile-coverage
2025-06-27 00:44:34,886 - mcp_server - INFO - Database initialized at D:\Semester4\ProjectVijayapur\psetae\psetae_all_github\mcp_server_psetae\.agent/mcp_state.db
2025-06-27 00:44:34,886 - mcp_server - INFO - Admin token: 4c4e2130-6bd1-4c76-87b8-83da2b9a2504
2025-06-27 00:44:39,669 - mcp_server - INFO - Added memory for agent admin-agent
2025-06-27 00:45:19,183 - mcp_server - INFO - Added memory for agent admin-agent
2025-06-27 00:45:19,192 - mcp_server - INFO - Created worker agent: sentinel1-data-extraction-agent of type sentinel1-data-extraction
2025-06-27 00:45:19,202 - mcp_server - INFO - Created worker agent: sentinel1-model-training-agent of type sentinel1-model-training
2025-06-27 00:45:19,212 - mcp_server - INFO - Created worker agent: sentinel1-inference-agent of type sentinel1-inference
2025-06-27 00:45:19,223 - mcp_server - INFO - Created worker agent: sentinel1-tile-coverage-agent of type sentinel1-tile-coverage
2025-06-27 00:53:55,043 - mcp_server - INFO - Created task: Sentinel-1 Data Extraction 2024-09-01 to 2025-03-31 assigned to sentinel1-data-extraction-agent
2025-06-27 01:08:26,627 - mcp_server - INFO - Created task: Sentinel-1 Data Extraction 2024-09-01 to 2025-03-31 assigned to sentinel1-data-extraction-agent
2025-06-27 01:37:45,378 - mcp_server - INFO - Added memory for agent admin-agent
2025-06-27 01:37:45,388 - mcp_server - INFO - Created worker agent: sentinel1-data-extraction-agent of type sentinel1-data-extraction
2025-06-27 01:37:45,397 - mcp_server - INFO - Created worker agent: sentinel1-model-training-agent of type sentinel1-model-training
2025-06-27 01:37:45,409 - mcp_server - INFO - Created worker agent: sentinel1-inference-agent of type sentinel1-inference
2025-06-27 01:37:45,419 - mcp_server - INFO - Created worker agent: sentinel1-tile-coverage-agent of type sentinel1-tile-coverage
2025-06-27 01:38:37,297 - mcp_server - INFO - Created task: Sentinel-1 Data Extraction 2024-09-01 to 2025-03-31 Test Fix assigned to sentinel1-data-extraction-agent
2025-06-27 02:23:32,735 - mcp_server - INFO - Database initialized at D:\Semester4\ProjectVijayapur\psetae\psetae_all_github\mcp_server_psetae\.agent/mcp_state.db
2025-06-27 02:23:32,735 - mcp_server - INFO - Admin token: 8e6d5ee9-07f5-487c-b061-4ef4bf13e5f3
2025-06-27 02:23:38,152 - mcp_server - INFO - Added memory for agent admin-agent
2025-06-27 02:24:27,127 - mcp_server - INFO - Added memory for agent admin-agent
2025-06-27 02:24:27,138 - mcp_server - INFO - Created worker agent: sentinel1-data-extraction-agent of type sentinel1-data-extraction
2025-06-27 02:24:27,151 - mcp_server - INFO - Created worker agent: sentinel1-model-training-agent of type sentinel1-model-training
2025-06-27 02:24:27,162 - mcp_server - INFO - Created worker agent: sentinel1-inference-agent of type sentinel1-inference
2025-06-27 02:24:27,175 - mcp_server - INFO - Created worker agent: sentinel1-tile-coverage-agent of type sentinel1-tile-coverage
2025-06-27 02:25:31,645 - mcp_server - INFO - Created task: Test Sentinel-1 Data Extraction assigned to sentinel1-data-extraction-agent
2025-06-27 02:33:09,602 - mcp_server - INFO - Created task: Test Sentinel-1 Data Extraction (Fixed) assigned to sentinel1-data-extraction-agent
2025-06-27 02:37:09,284 - mcp_server - INFO - Added memory for agent sentinel1-data-extraction-agent
2025-06-27 02:56:18,570 - mcp_server - INFO - Database initialized at D:\Semester4\ProjectVijayapur\psetae\psetae_all_github\mcp_server_psetae\.agent/mcp_state.db
2025-06-27 02:56:18,571 - mcp_server - INFO - Admin token: 90a38242-4bc4-4053-8cf5-ca82431e56a3
2025-06-27 02:56:24,017 - mcp_server - INFO - Added memory for agent admin-agent
2025-06-27 02:59:37,474 - mcp_server - INFO - Added memory for agent admin-agent
2025-06-27 02:59:37,485 - mcp_server - INFO - Created worker agent: sentinel1-data-extraction-agent of type sentinel1-data-extraction
2025-06-27 02:59:37,494 - mcp_server - INFO - Created worker agent: sentinel1-model-training-agent of type sentinel1-model-training
2025-06-27 02:59:37,504 - mcp_server - INFO - Created worker agent: sentinel1-inference-agent of type sentinel1-inference
2025-06-27 02:59:37,515 - mcp_server - INFO - Created worker agent: sentinel1-tile-coverage-agent of type sentinel1-tile-coverage
2025-06-27 03:00:38,426 - mcp_server - INFO - Created task: Sentinel-1 Data Extraction 2024-09-01 to 2025-03-31 assigned to sentinel1-data-extraction-agent
2025-06-27 03:14:27,640 - mcp_server - INFO - Database initialized at D:\Semester4\ProjectVijayapur\psetae\psetae_all_github\mcp_server_psetae\.agent/mcp_state.db
2025-06-27 03:14:27,640 - mcp_server - INFO - Admin token: a53ee13e-d899-4e00-8f16-86722a51be68
2025-06-27 03:14:33,038 - mcp_server - INFO - Added memory for agent admin-agent
2025-06-27 03:15:07,003 - mcp_server - INFO - Added memory for agent admin-agent
2025-06-27 03:15:07,012 - mcp_server - INFO - Created worker agent: sentinel1-data-extraction-agent of type sentinel1-data-extraction
2025-06-27 03:15:07,021 - mcp_server - INFO - Created worker agent: sentinel1-model-training-agent of type sentinel1-model-training
2025-06-27 03:15:07,034 - mcp_server - INFO - Created worker agent: sentinel1-inference-agent of type sentinel1-inference
2025-06-27 03:15:07,044 - mcp_server - INFO - Created worker agent: sentinel1-tile-coverage-agent of type sentinel1-tile-coverage
2025-06-27 03:15:23,271 - mcp_server - INFO - Created task: Sentinel-1 Data Extraction 2024-09-01 to 2025-03-31 assigned to sentinel1-data-extraction-agent
2025-06-27 14:23:27,911 - mcp_server - INFO - Database initialized at D:\Semester4\ProjectVijayapur\psetae\psetae_all_github\mcp_server_psetae\.agent/mcp_state.db
2025-06-27 14:23:27,912 - mcp_server - INFO - Admin token: f79b6928-aedd-4890-9099-2f0cb0d0f8f0
2025-06-27 14:23:33,100 - mcp_server - INFO - Added memory for agent admin-agent
2025-06-27 14:23:53,987 - mcp_server - INFO - Added memory for agent admin-agent
2025-06-27 14:23:53,997 - mcp_server - INFO - Created worker agent: sentinel1-data-extraction-agent of type sentinel1-data-extraction
2025-06-27 14:23:54,005 - mcp_server - INFO - Created worker agent: sentinel1-model-training-agent of type sentinel1-model-training
2025-06-27 14:23:54,014 - mcp_server - INFO - Created worker agent: sentinel1-inference-agent of type sentinel1-inference
2025-06-27 14:23:54,023 - mcp_server - INFO - Created worker agent: sentinel1-tile-coverage-agent of type sentinel1-tile-coverage
2025-06-27 14:24:15,411 - mcp_server - INFO - Created task: Sentinel-1 Data Extraction 2024-09-01 to 2025-03-31 assigned to sentinel1-data-extraction-agent
2025-06-27 14:25:08,303 - mcp_server - INFO - Created task: Sentinel-1 Data Extraction 2024-09-01 to 2025-03-31 assigned to sentinel1-data-extraction-agent
2025-06-27 14:25:21,451 - mcp_server - INFO - Created task: Sentinel-1 Data Extraction 2024-09-01 to 2025-03-31 assigned to sentinel1-data-extraction-agent
2025-06-27 14:50:23,934 - mcp_server - INFO - Added memory for agent sentinel1-data-extraction-agent
2025-06-27 15:25:46,360 - mcp_server - INFO - Added memory for agent sentinel1-data-extraction-agent
2025-06-27 15:28:31,778 - mcp_server - INFO - Created task: Sentinel-1 Data Extraction 2024-09-01 to 2025-03-31 assigned to sentinel1-data-extraction-agent
2025-06-27 15:28:49,319 - mcp_server - INFO - Created task: Sentinel-1 Data Extraction 2024-09-01 to 2025-03-31 assigned to sentinel1-data-extraction-agent
2025-06-27 15:53:53,954 - mcp_server - INFO - Added memory for agent sentinel1-data-extraction-agent
2025-06-27 15:53:55,244 - mcp_server - INFO - Added memory for agent sentinel1-data-extraction-agent
2025-06-27 16:00:31,906 - mcp_server - INFO - Created task: Sentinel-1 Data Extraction 2024-09-01 to 2025-03-31 Training Split assigned to sentinel1-data-extraction-agent
2025-06-27 16:00:49,125 - mcp_server - INFO - Created task: Sentinel-1 Data Extraction 2024-09-01 to 2025-03-31 Validation Split assigned to sentinel1-data-extraction-agent
2025-06-27 16:23:24,472 - mcp_server - INFO - Added memory for agent sentinel1-data-extraction-agent
2025-06-27 16:45:02,740 - mcp_server - INFO - Database initialized at D:\Semester4\ProjectVijayapur\psetae\psetae_all_github\mcp_server_psetae\.agent/mcp_state.db
2025-06-27 16:45:02,741 - mcp_server - INFO - Admin token: 63488867-f51e-44b4-8c88-7619a77fc9da
2025-06-27 17:07:11,138 - mcp_server - INFO - Added memory for agent sentinel1-data-extraction-agent
2025-06-27 17:32:40,834 - mcp_server - INFO - Database initialized at D:\Semester4\ProjectVijayapur\psetae\psetae_all_github\mcp_server_psetae\.agent/mcp_state.db
2025-06-27 17:32:40,836 - mcp_server - INFO - Admin token: 9bf200b9-3859-4cb0-a6ff-d18176ee70e3
2025-06-27 17:33:42,078 - mcp_server - INFO - Added memory for agent admin-agent
2025-06-27 17:33:42,089 - mcp_server - INFO - Created worker agent: sentinel1-data-extraction-agent of type sentinel1-data-extraction
2025-06-27 17:33:42,100 - mcp_server - INFO - Created worker agent: sentinel1-model-training-agent of type sentinel1-model-training
2025-06-27 17:33:42,111 - mcp_server - INFO - Created worker agent: sentinel1-inference-agent of type sentinel1-inference
2025-06-27 17:33:42,125 - mcp_server - INFO - Created worker agent: sentinel1-tile-coverage-agent of type sentinel1-tile-coverage
2025-06-27 17:45:15,638 - mcp_server - INFO - Database initialized at D:\Semester4\ProjectVijayapur\psetae\psetae_all_github\mcp_server_psetae\.agent/mcp_state.db
2025-06-27 17:45:15,638 - mcp_server - INFO - Admin token: 50849503-e9cb-4bf9-bc2c-afba6063a26a
2025-06-27 17:45:54,198 - mcp_server - INFO - Added memory for agent admin-agent
2025-06-27 17:45:54,206 - mcp_server - INFO - Created worker agent: sentinel1-data-extraction-agent of type sentinel1-data-extraction
2025-06-27 17:45:54,214 - mcp_server - INFO - Created worker agent: sentinel1-model-training-agent of type sentinel1-model-training
2025-06-27 17:45:54,223 - mcp_server - INFO - Created worker agent: sentinel1-inference-agent of type sentinel1-inference
2025-06-27 17:45:54,233 - mcp_server - INFO - Created worker agent: sentinel1-tile-coverage-agent of type sentinel1-tile-coverage
2025-06-27 17:48:36,597 - mcp_server - INFO - Created task: Sentinel-1 Data Extraction 2024-09-01 to 2025-03-31 assigned to sentinel1-data-extraction-agent
2025-06-27 17:49:26,485 - mcp_server - INFO - Created task: Sentinel-1 Data Extraction 2024-09-01 to 2025-03-31 assigned to sentinel1-data-extraction-agent
2025-06-27 17:50:07,478 - mcp_server - INFO - Created task: Sentinel-1 Data Extraction 2024-09-01 to 2025-03-31 assigned to sentinel1-data-extraction-agent
2025-06-27 18:01:04,039 - mcp_server - INFO - Database initialized at D:\Semester4\ProjectVijayapur\psetae\psetae_all_github\mcp_server_psetae\.agent/mcp_state.db
2025-06-27 18:01:04,039 - mcp_server - INFO - Admin token: c2b46016-7893-451a-b76d-c35f495bb17b
2025-06-27 18:01:50,597 - mcp_server - INFO - Added memory for agent admin-agent
2025-06-27 18:01:50,607 - mcp_server - INFO - Created worker agent: sentinel1-data-extraction-agent of type sentinel1-data-extraction
2025-06-27 18:01:50,617 - mcp_server - INFO - Created worker agent: sentinel1-model-training-agent of type sentinel1-model-training
2025-06-27 18:01:50,629 - mcp_server - INFO - Created worker agent: sentinel1-inference-agent of type sentinel1-inference
2025-06-27 18:01:50,638 - mcp_server - INFO - Created worker agent: sentinel1-tile-coverage-agent of type sentinel1-tile-coverage
2025-06-27 18:02:39,297 - mcp_server - INFO - Created task: Sentinel-1 Data Extraction 2024-09-01 to 2025-03-31 assigned to sentinel1-data-extraction-agent
2025-06-27 18:03:08,569 - mcp_server - INFO - Created task: Sentinel-1 Data Extraction 2024-09-01 to 2025-03-31 assigned to sentinel1-data-extraction-agent
2025-06-27 18:03:45,750 - mcp_server - INFO - Created task: Sentinel-1 Data Extraction 2024-09-01 to 2025-03-31 assigned to sentinel1-data-extraction-agent
2025-06-27 18:05:59,136 - mcp_server - INFO - Created task: Sentinel-1 Data Extraction 2024-09-01 to 2025-03-31 assigned to sentinel1-data-extraction-agent
2025-06-27 18:21:58,893 - mcp_server - INFO - Created task: Sentinel-1 Data Extraction 2024-09-01 to 2025-03-31 assigned to sentinel1-data-extraction-agent
2025-06-27 18:52:06,066 - mcp_server - INFO - Added memory for agent sentinel1-data-extraction-agent
2025-06-27 19:34:20,381 - mcp_server - INFO - Database initialized at D:\Semester4\ProjectVijayapur\psetae\psetae_all_github\mcp_server_psetae\.agent/mcp_state.db
2025-06-27 19:34:20,381 - mcp_server - INFO - Admin token: 17fc356a-44e8-45ee-8fb4-5d2aafc07e97
2025-06-27 19:34:25,780 - mcp_server - INFO - Added memory for agent admin-agent
2025-06-27 19:34:48,313 - mcp_server - INFO - Added memory for agent admin-agent
2025-06-27 19:34:48,324 - mcp_server - INFO - Created worker agent: sentinel1-data-extraction-agent of type sentinel1-data-extraction
2025-06-27 19:34:48,336 - mcp_server - INFO - Created worker agent: sentinel1-model-training-agent of type sentinel1-model-training
2025-06-27 19:34:48,349 - mcp_server - INFO - Created worker agent: sentinel1-inference-agent of type sentinel1-inference
2025-06-27 19:34:48,362 - mcp_server - INFO - Created worker agent: sentinel1-tile-coverage-agent of type sentinel1-tile-coverage
2025-06-27 19:36:05,207 - mcp_server - INFO - Created task: Sentinel-1 TEST Data Extraction 2024-09-01 to 2025-03-31 assigned to sentinel1-data-extraction-agent
2025-06-27 19:36:05,216 - mcp_server - INFO - Created task: Sentinel-1 VALIDATION Data Extraction 2024-09-01 to 2025-03-31 assigned to sentinel1-data-extraction-agent
2025-06-27 19:36:05,226 - mcp_server - INFO - Created task: Sentinel-1 TRAINING Data Extraction 2024-09-01 to 2025-03-31 assigned to sentinel1-data-extraction-agent
2025-06-27 19:36:05,236 - mcp_server - INFO - Added memory for agent admin-agent
2025-06-27 19:44:36,481 - mcp_server - INFO - Database initialized at D:\Semester4\ProjectVijayapur\psetae\psetae_all_github\mcp_server_psetae\.agent/mcp_state.db
2025-06-27 19:44:36,482 - mcp_server - INFO - Admin token: b26b8c83-cf8f-46a2-aa66-11d182613c0b
2025-06-27 19:44:41,962 - mcp_server - INFO - Added memory for agent admin-agent
2025-06-27 19:45:06,408 - mcp_server - INFO - Added memory for agent admin-agent
2025-06-27 19:45:06,418 - mcp_server - INFO - Created worker agent: sentinel1-data-extraction-agent of type sentinel1-data-extraction
2025-06-27 19:45:06,428 - mcp_server - INFO - Created worker agent: sentinel1-model-training-agent of type sentinel1-model-training
2025-06-27 19:45:06,438 - mcp_server - INFO - Created worker agent: sentinel1-inference-agent of type sentinel1-inference
2025-06-27 19:45:06,448 - mcp_server - INFO - Created worker agent: sentinel1-tile-coverage-agent of type sentinel1-tile-coverage
2025-06-27 19:46:40,539 - mcp_server - INFO - Created task: Sentinel-1 TEST Data Extraction 2024-09-01 to 2025-03-31 assigned to sentinel1-data-extraction-agent
2025-06-27 19:46:40,550 - mcp_server - INFO - Created task: Sentinel-1 VALIDATION Data Extraction 2024-09-01 to 2025-03-31 assigned to sentinel1-data-extraction-agent
2025-06-27 19:46:40,559 - mcp_server - INFO - Created task: Sentinel-1 TRAINING Data Extraction 2024-09-01 to 2025-03-31 assigned to sentinel1-data-extraction-agent
2025-06-27 19:46:40,569 - mcp_server - INFO - Added memory for agent admin-agent
2025-06-27 21:21:22,529 - mcp_server - INFO - Added memory for agent sentinel1-data-extraction-agent
2025-06-27 22:10:42,003 - mcp_server - INFO - Database initialized at D:\Semester4\ProjectVijayapur\psetae\psetae_all_github\mcp_server_psetae\.agent/mcp_state.db
2025-06-27 22:10:42,003 - mcp_server - INFO - Admin token: f71162a5-6bf0-4894-809d-540e5cbef481
2025-06-27 22:10:47,533 - mcp_server - INFO - Added memory for agent admin-agent
2025-06-27 22:11:09,065 - mcp_server - INFO - Added memory for agent admin-agent
2025-06-27 22:11:09,078 - mcp_server - INFO - Created worker agent: sentinel1-data-extraction-agent of type sentinel1-data-extraction
2025-06-27 22:11:09,090 - mcp_server - INFO - Created worker agent: sentinel1-model-training-agent of type sentinel1-model-training
2025-06-27 22:11:09,101 - mcp_server - INFO - Created worker agent: sentinel1-inference-agent of type sentinel1-inference
2025-06-27 22:11:09,111 - mcp_server - INFO - Created worker agent: sentinel1-tile-coverage-agent of type sentinel1-tile-coverage
2025-06-27 22:15:43,130 - mcp_server - INFO - Created task: Sentinel-1 TEST Data Extraction 2024-09-01 to 2025-03-31 assigned to sentinel1-data-extraction-agent
2025-06-27 22:15:43,142 - mcp_server - INFO - Created task: Sentinel-1 VALIDATION Data Extraction 2024-09-01 to 2025-03-31 assigned to sentinel1-data-extraction-agent
2025-06-27 22:15:43,154 - mcp_server - INFO - Created task: Sentinel-1 TRAINING Data Extraction 2024-09-01 to 2025-03-31 assigned to sentinel1-data-extraction-agent
2025-06-27 22:15:43,165 - mcp_server - INFO - Added memory for agent admin-agent
2025-06-27 22:45:13,169 - mcp_server - INFO - Added memory for agent sentinel1-data-extraction-agent
2025-06-27 23:07:05,593 - mcp_server - INFO - Added memory for agent sentinel1-data-extraction-agent
2025-06-27 23:30:29,951 - mcp_server - INFO - Added memory for agent sentinel1-data-extraction-agent
2025-06-28 00:11:24,577 - mcp_server - INFO - Added memory for agent sentinel1-data-extraction-agent
2025-06-28 00:12:05,339 - mcp_server - INFO - Database initialized at D:\Semester4\ProjectVijayapur\psetae\psetae_all_github\mcp_server_psetae\.agent/mcp_state.db
2025-06-28 00:12:05,342 - mcp_server - INFO - Admin token: a78c16fd-13a2-4e26-8a89-81f3cfd93a04
2025-06-28 00:12:10,672 - mcp_server - INFO - Added memory for agent admin-agent
2025-06-28 01:02:25,582 - mcp_server - INFO - Added memory for agent sentinel1-data-extraction-agent
2025-06-28 01:02:25,594 - mcp_server - INFO - Task 681d44ee-1545-49b2-a278-6d37a34c68be status updated to 'completed' by admin-agent
2025-06-28 01:45:36,092 - mcp_server - INFO - Added memory for agent sentinel1-data-extraction-agent
2025-06-28 01:45:36,103 - mcp_server - INFO - Task 754bb4a3-3419-4ade-906b-93695271c9ad status updated to 'completed' by admin-agent
2025-06-28 02:10:22,058 - mcp_server - INFO - Added memory for agent sentinel1-data-extraction-agent
2025-06-28 02:10:22,070 - mcp_server - INFO - Task 5008ac3e-dbc7-4390-801b-92922d0c606e status updated to 'completed' by admin-agent
2025-06-28 02:49:24,701 - mcp_server - INFO - Added memory for agent sentinel1-data-extraction-agent
2025-06-28 02:49:24,713 - mcp_server - INFO - Task c0f49084-84db-4123-b623-9c8d08b0c64f status updated to 'completed' by admin-agent
2025-06-28 03:36:41,108 - mcp_server - INFO - Added memory for agent sentinel1-data-extraction-agent
2025-06-28 03:36:41,121 - mcp_server - INFO - Task 8c4b960a-360e-413b-ad52-e0ef4de48b4e status updated to 'completed' by admin-agent
2025-06-28 04:01:20,199 - mcp_server - INFO - Added memory for agent sentinel1-data-extraction-agent
2025-06-28 04:01:20,210 - mcp_server - INFO - Task 371604f2-457b-4538-a7e7-3a2926665e94 status updated to 'completed' by admin-agent
2025-06-28 04:22:00,575 - mcp_server - INFO - Added memory for agent sentinel1-data-extraction-agent
2025-06-28 04:22:00,587 - mcp_server - INFO - Task fe21fa57-e8e1-468b-b96e-b3b3c907020a status updated to 'completed' by admin-agent
2025-06-28 04:50:28,614 - mcp_server - INFO - Added memory for agent sentinel1-data-extraction-agent
2025-06-28 04:50:28,630 - mcp_server - INFO - Task 78e496a5-7b2a-4490-93d1-d2a19082f820 status updated to 'completed' by admin-agent
2025-06-28 05:21:33,715 - mcp_server - INFO - Added memory for agent sentinel1-data-extraction-agent
2025-06-28 05:21:33,728 - mcp_server - INFO - Task 181d344c-066c-4f1f-ae19-4b4fcc6c0eb6 status updated to 'completed' by admin-agent
2025-06-28 05:48:53,493 - mcp_server - INFO - Added memory for agent sentinel1-data-extraction-agent
2025-06-28 05:48:53,506 - mcp_server - INFO - Task 80f9d195-7e2d-486d-9346-20ee4d7e8d18 status updated to 'completed' by admin-agent
2025-06-28 06:07:31,818 - mcp_server - INFO - Added memory for agent sentinel1-data-extraction-agent
2025-06-28 06:07:31,831 - mcp_server - INFO - Task ba53ceee-96de-4a78-b2b9-5b42aa6726a2 status updated to 'completed' by admin-agent
2025-06-28 06:48:08,660 - mcp_server - INFO - Added memory for agent sentinel1-data-extraction-agent
2025-06-28 06:48:08,671 - mcp_server - INFO - Task 528b1f90-d093-41ff-abbd-99986e2a841a status updated to 'completed' by admin-agent
2025-06-28 07:09:27,451 - mcp_server - INFO - Added memory for agent sentinel1-data-extraction-agent
2025-06-28 07:09:27,461 - mcp_server - INFO - Task 4c335a4c-6629-4903-b1e7-edb7899ce1dd status updated to 'completed' by admin-agent
2025-06-28 07:31:15,365 - mcp_server - INFO - Added memory for agent sentinel1-data-extraction-agent
2025-06-28 07:31:15,374 - mcp_server - INFO - Task 5da6a053-9834-467c-8da7-5af1db5c28c3 status updated to 'completed' by admin-agent
2025-06-28 08:06:06,098 - mcp_server - INFO - Added memory for agent sentinel1-data-extraction-agent
2025-06-28 08:06:06,109 - mcp_server - INFO - Task 9d89ab27-ece3-4e6c-9339-b2bcd33d08a1 status updated to 'completed' by admin-agent
2025-06-28 20:00:18,097 - mcp_server - INFO - Database initialized at D:\Semester4\ProjectVijayapur\psetae\psetae_all_github\mcp_server_psetae\.agent/mcp_state.db
2025-06-28 20:00:18,097 - mcp_server - INFO - Admin token: f625a7d9-a927-462d-aa1b-d30275427e59
2025-06-28 20:00:22,611 - mcp_server - INFO - Added memory for agent admin-agent
2025-06-28 20:03:32,229 - mcp_server - INFO - Created task: Sentinel-1 Model Training 2025-06-28 assigned to sentinel1-model-training-agent
2025-06-28 20:43:40,501 - mcp_server - INFO - Created task: Sentinel-1 Model Training 2025-06-28 assigned to sentinel1-model-training-agent
2025-06-28 20:45:34,684 - mcp_server - INFO - Created task: Sentinel-1 Model Training 2025-06-28 assigned to sentinel1-model-training-agent
2025-06-29 22:27:44,013 - mcp_server - INFO - Database initialized at D:\Semester4\ProjectVijayapur\psetae\psetae_all_github\mcp_server_psetae\.agent/mcp_state.db
2025-06-29 22:27:44,020 - mcp_server - INFO - Admin token: 3497bcb4-e97b-433d-9d38-bd5e74f9e927
2025-06-29 22:27:49,256 - mcp_server - INFO - Added memory for agent admin-agent
2025-06-29 22:35:25,027 - mcp_server - INFO - Database initialized at D:\Semester4\ProjectVijayapur\psetae\psetae_all_github\mcp_server_psetae\.agent/mcp_state.db
2025-06-29 22:35:25,029 - mcp_server - INFO - Admin token: 4de50f00-ee21-4eea-87e7-ae8b88c50c34
2025-06-29 22:35:30,416 - mcp_server - INFO - Added memory for agent admin-agent
2025-06-29 22:36:30,301 - mcp_server - INFO - Added memory for agent admin-agent
2025-06-29 22:36:30,311 - mcp_server - INFO - Created worker agent: sentinel1-data-extraction-agent of type sentinel1-data-extraction
2025-06-29 22:36:30,320 - mcp_server - INFO - Created worker agent: sentinel1-model-training-agent of type sentinel1-model-training
2025-06-29 22:36:30,330 - mcp_server - INFO - Created worker agent: sentinel1-inference-agent of type sentinel1-inference
2025-06-29 22:36:30,344 - mcp_server - INFO - Created worker agent: sentinel1-tile-coverage-agent of type sentinel1-tile-coverage
2025-06-29 22:39:30,636 - mcp_server - INFO - Database initialized at D:\Semester4\ProjectVijayapur\psetae\psetae_all_github\mcp_server_psetae\.agent/mcp_state.db
2025-06-29 22:39:30,636 - mcp_server - INFO - Admin token: 90413e51-5413-4a62-83a9-aa63fa84c454
2025-06-29 22:39:35,990 - mcp_server - INFO - Added memory for agent admin-agent
2025-06-29 22:49:31,706 - mcp_server - INFO - Added memory for agent admin-agent
2025-06-29 22:49:31,715 - mcp_server - INFO - Created worker agent: sentinel1-data-extraction-agent of type sentinel1-data-extraction
2025-06-29 22:49:31,723 - mcp_server - INFO - Created worker agent: sentinel1-model-training-agent of type sentinel1-model-training
2025-06-29 22:49:31,727 - mcp_server - INFO - Created worker agent: sentinel1-inference-agent of type sentinel1-inference
2025-06-29 22:49:31,742 - mcp_server - INFO - Created worker agent: sentinel1-tile-coverage-agent of type sentinel1-tile-coverage
2025-06-29 22:50:53,327 - mcp_server - INFO - Database initialized at D:\Semester4\ProjectVijayapur\psetae\psetae_all_github\mcp_server_psetae\.agent/mcp_state.db
2025-06-29 22:50:53,328 - mcp_server - INFO - Admin token: 5eeb8b16-e826-4976-a04a-621c47c9cb35
2025-06-29 22:50:58,717 - mcp_server - INFO - Added memory for agent admin-agent
2025-06-29 22:51:23,717 - mcp_server - INFO - Added memory for agent admin-agent
2025-06-29 22:51:23,727 - mcp_server - INFO - Created worker agent: sentinel1-data-extraction-agent of type sentinel1-data-extraction
2025-06-29 22:51:23,736 - mcp_server - INFO - Created worker agent: sentinel1-model-training-agent of type sentinel1-model-training
2025-06-29 22:51:23,749 - mcp_server - INFO - Created worker agent: sentinel1-inference-agent of type sentinel1-inference
2025-06-29 22:51:23,759 - mcp_server - INFO - Created worker agent: sentinel1-tile-coverage-agent of type sentinel1-tile-coverage
2025-06-29 22:51:23,768 - mcp_server - INFO - Created worker agent: sentinel1-reporting-agent of type sentinel1-reporting
2025-06-29 23:03:30,667 - mcp_server - INFO - Created task: Sentinel-1 Model Results Report 2025-06-29 assigned to sentinel1-reporting-agent
2025-06-29 23:08:53,042 - mcp_server - INFO - Database initialized at D:\Semester4\ProjectVijayapur\psetae\psetae_all_github\mcp_server_psetae\.agent/mcp_state.db
2025-06-29 23:08:53,042 - mcp_server - INFO - Admin token: 01c49178-02c0-4226-bc73-e530795b4baf
2025-06-29 23:08:58,460 - mcp_server - INFO - Added memory for agent admin-agent
2025-06-29 23:09:26,666 - mcp_server - INFO - Added memory for agent admin-agent
2025-06-29 23:09:26,675 - mcp_server - INFO - Created worker agent: sentinel1-data-extraction-agent of type sentinel1-data-extraction
2025-06-29 23:09:26,683 - mcp_server - INFO - Created worker agent: sentinel1-model-training-agent of type sentinel1-model-training
2025-06-29 23:09:26,690 - mcp_server - INFO - Created worker agent: sentinel1-inference-agent of type sentinel1-inference
2025-06-29 23:09:26,702 - mcp_server - INFO - Created worker agent: sentinel1-tile-coverage-agent of type sentinel1-tile-coverage
2025-06-29 23:09:26,711 - mcp_server - INFO - Created worker agent: sentinel1-reporting-agent of type sentinel1-reporting
2025-06-29 23:17:45,075 - mcp_server - INFO - Task adaa99c7-e7ed-45a8-a89c-5d6ea08f6af0 status updated to 'in_progress' by sentinel1-reporting-agent
2025-06-29 23:17:45,087 - mcp_server - INFO - Task adaa99c7-e7ed-45a8-a89c-5d6ea08f6af0 status updated to 'failed' by sentinel1-reporting-agent
2025-06-29 23:17:55,104 - mcp_server - INFO - Task adaa99c7-e7ed-45a8-a89c-5d6ea08f6af0 status updated to 'in_progress' by sentinel1-reporting-agent
2025-06-29 23:17:55,113 - mcp_server - INFO - Task adaa99c7-e7ed-45a8-a89c-5d6ea08f6af0 status updated to 'failed' by sentinel1-reporting-agent
2025-06-29 23:18:05,140 - mcp_server - INFO - Task adaa99c7-e7ed-45a8-a89c-5d6ea08f6af0 status updated to 'in_progress' by sentinel1-reporting-agent
2025-06-29 23:18:05,153 - mcp_server - INFO - Task adaa99c7-e7ed-45a8-a89c-5d6ea08f6af0 status updated to 'failed' by sentinel1-reporting-agent
2025-06-29 23:18:15,169 - mcp_server - INFO - Task adaa99c7-e7ed-45a8-a89c-5d6ea08f6af0 status updated to 'in_progress' by sentinel1-reporting-agent
2025-06-29 23:18:15,177 - mcp_server - INFO - Task adaa99c7-e7ed-45a8-a89c-5d6ea08f6af0 status updated to 'failed' by sentinel1-reporting-agent
2025-06-29 23:18:25,189 - mcp_server - INFO - Task adaa99c7-e7ed-45a8-a89c-5d6ea08f6af0 status updated to 'in_progress' by sentinel1-reporting-agent
2025-06-29 23:18:25,201 - mcp_server - INFO - Task adaa99c7-e7ed-45a8-a89c-5d6ea08f6af0 status updated to 'failed' by sentinel1-reporting-agent
2025-06-29 23:18:35,222 - mcp_server - INFO - Task adaa99c7-e7ed-45a8-a89c-5d6ea08f6af0 status updated to 'in_progress' by sentinel1-reporting-agent
2025-06-29 23:18:35,233 - mcp_server - INFO - Task adaa99c7-e7ed-45a8-a89c-5d6ea08f6af0 status updated to 'failed' by sentinel1-reporting-agent
2025-06-29 23:18:45,254 - mcp_server - INFO - Task adaa99c7-e7ed-45a8-a89c-5d6ea08f6af0 status updated to 'in_progress' by sentinel1-reporting-agent
2025-06-29 23:18:45,266 - mcp_server - INFO - Task adaa99c7-e7ed-45a8-a89c-5d6ea08f6af0 status updated to 'failed' by sentinel1-reporting-agent
2025-06-29 23:18:55,292 - mcp_server - INFO - Task adaa99c7-e7ed-45a8-a89c-5d6ea08f6af0 status updated to 'in_progress' by sentinel1-reporting-agent
2025-06-29 23:18:55,306 - mcp_server - INFO - Task adaa99c7-e7ed-45a8-a89c-5d6ea08f6af0 status updated to 'failed' by sentinel1-reporting-agent
2025-06-29 23:19:05,333 - mcp_server - INFO - Task adaa99c7-e7ed-45a8-a89c-5d6ea08f6af0 status updated to 'in_progress' by sentinel1-reporting-agent
2025-06-29 23:19:05,345 - mcp_server - INFO - Task adaa99c7-e7ed-45a8-a89c-5d6ea08f6af0 status updated to 'failed' by sentinel1-reporting-agent
2025-06-29 23:19:15,366 - mcp_server - INFO - Task adaa99c7-e7ed-45a8-a89c-5d6ea08f6af0 status updated to 'in_progress' by sentinel1-reporting-agent
2025-06-29 23:19:15,376 - mcp_server - INFO - Task adaa99c7-e7ed-45a8-a89c-5d6ea08f6af0 status updated to 'failed' by sentinel1-reporting-agent
2025-06-29 23:19:25,401 - mcp_server - INFO - Task adaa99c7-e7ed-45a8-a89c-5d6ea08f6af0 status updated to 'in_progress' by sentinel1-reporting-agent
2025-06-29 23:19:25,415 - mcp_server - INFO - Task adaa99c7-e7ed-45a8-a89c-5d6ea08f6af0 status updated to 'failed' by sentinel1-reporting-agent
2025-06-29 23:19:35,439 - mcp_server - INFO - Task adaa99c7-e7ed-45a8-a89c-5d6ea08f6af0 status updated to 'in_progress' by sentinel1-reporting-agent
2025-06-29 23:19:35,450 - mcp_server - INFO - Task adaa99c7-e7ed-45a8-a89c-5d6ea08f6af0 status updated to 'failed' by sentinel1-reporting-agent
2025-06-29 23:19:42,038 - mcp_server - INFO - Task adaa99c7-e7ed-45a8-a89c-5d6ea08f6af0 status updated to 'in_progress' by sentinel1-reporting-agent
2025-06-29 23:19:42,223 - mcp_server - INFO - Task adaa99c7-e7ed-45a8-a89c-5d6ea08f6af0 status updated to 'completed' by sentinel1-reporting-agent
